<?xml version="1.0" encoding="UTF-8" standalone="no"?>
<window xmlns="http://schemas.haulmont.com/cuba/screen/window.xsd"
        xmlns:c="http://schemas.haulmont.com/cuba/screen/jpql_condition.xsd"
        caption="msg://testBrowse.caption"
        focusComponent="testsTable"
        messagesPack="com.company.test.web.screens.test">
    <data readOnly="true">
        <collection id="testsDc"
                    class="com.company.test.entity.Test">
            <view extends="_local"/>
            <loader id="testsDl">
                <query>
                    <![CDATA[select e from test_Test e]]>
                </query>
            </loader>
        </collection>
    </data>
    <dialogMode height="600"
                width="800"/>
    <layout expand="testsTable"
            spacing="true">
        <filter id="filter"
                applyTo="testsTable"
                dataLoader="testsDl">
            <properties include=".*"/>
        </filter>
        <groupTable id="testsTable"
                    width="100%"
                    dataContainer="testsDc">
            <actions>
                <action id="create" type="create"/>
                <action id="edit" type="edit"/>
                <action id="remove" type="remove"/>
            </actions>
            <columns>
                <column id="cognome"/>
                <column id="nome"/>
                <column id="indirizzo"/>
            </columns>
            <rowsCount/>
            <buttonsPanel id="buttonsPanel"
                          alwaysVisible="true">
                <button id="createBtn" action="testsTable.create"/>
                <button id="editBtn" action="testsTable.edit"/>
                <button id="removeBtn" action="testsTable.remove"/>
            </buttonsPanel>
        </groupTable>
        <hbox id="lookupActions" spacing="true" visible="false">
            <button action="lookupSelectAction"/>
            <button action="lookupCancelAction"/>
        </hbox>
    </layout>
</window>
